18.3333 	WARNING 	Font Manager failed to load file /System/Library/PrivateFrameworks/FontServices.framework/Resources/Reserved/PingFangUI.ttc
28.3790 	DATA 	[STRUCTURE] Logging initialized. Log file: logs/experiment_20250527_233330.log
28.3791 	DATA 	Starting experiment
48.7897 	DATA 	[INFO] Subject info collected: ID=1, domain=Money, valence=Loss
48.8054 	WARNING 	Monitor specification not found. Creating a temporary one...
48.8562 	WARNING 	User requested fullscreen with size [800 600], but screen is actually [1440, 900]. Using actual size
50.4275 	WARNING 	Couldn't measure a consistent frame rate!
  - Is your graphics card set to sync to vertical blank?
  - Are you running other processes on your computer?

50.5119 	DATA 	[STRUCTURE] Running right-hand calibration
50.5312 	WARNING 	t of last frame was 103.88ms (=1/9)
50.5321 	DATA 	[STRUCTURE] Starting calibration for right key using LEFT hand
51.9472 	DATA 	Keypress: space
51.9579 	WARNING 	t of last frame was 1426.73ms (=1/0)
53.1589 	DATA 	Keypress: right
53.1647 	WARNING 	t of last frame was 1206.79ms (=1/0)
54.1692 	WARNING 	t of last frame was 1004.50ms (=1/0)
54.7937 	DATA 	Keypress: right
54.9361 	DATA 	Keypress: right
55.0529 	DATA 	Keypress: right
55.1747 	WARNING 	Multiple dropped frames have occurred - I'll stop bothering you about them!
55.1980 	DATA 	Keypress: right
55.3461 	DATA 	Keypress: right
55.4671 	DATA 	Keypress: right
55.5718 	DATA 	Keypress: right
55.6807 	DATA 	[STRUCTURE] Calibration started - Duration: 2s
55.7218 	DATA 	Keypress: right
55.8451 	DATA 	Keypress: right
55.9740 	DATA 	Keypress: right
56.1055 	DATA 	Keypress: right
56.2265 	DATA 	Keypress: right
56.3492 	DATA 	Keypress: right
56.4889 	DATA 	Keypress: right
56.6081 	DATA 	Keypress: right
56.7461 	DATA 	Keypress: right
56.8738 	DATA 	Keypress: right
56.9932 	DATA 	Keypress: right
57.1401 	DATA 	Keypress: right
57.2591 	DATA 	Keypress: right
57.3782 	DATA 	Keypress: right
57.5224 	DATA 	Keypress: right
57.6405 	DATA 	Keypress: right
57.6885 	DATA 	[STRUCTURE] Calibration completed - Final count: 16
57.7728 	DATA 	Keypress: right
57.9127 	DATA 	Keypress: right
58.8670 	DATA 	Keypress: space
58.8679 	DATA 	[DATA] Right-key clicks: 16
58.8679 	DATA 	[STRUCTURE] Running left-hand calibration
58.8885 	DATA 	[STRUCTURE] Starting calibration for left key using LEFT hand
60.5302 	DATA 	Keypress: v
60.7398 	DATA 	Keypress: left
60.8897 	DATA 	Keypress: left
61.0356 	DATA 	Keypress: left
61.1655 	DATA 	Keypress: left
61.3023 	DATA 	Keypress: left
61.8427 	DATA 	Mouse: Left button down, pos=(715,484)
62.0410 	DATA 	Mouse:  Left button up, pos=(715,484)
62.3483 	DATA 	Keypress: v
62.3503 	DATA 	Keypress: space
65.3032 	DATA 	Keypress: left
65.4170 	DATA 	Keypress: left
65.5432 	DATA 	Keypress: left
65.6655 	DATA 	Keypress: left
65.7676 	DATA 	Keypress: left
65.8762 	DATA 	[STRUCTURE] Calibration started - Duration: 2s
65.8919 	DATA 	Keypress: left
66.1071 	DATA 	Keypress: left
66.2244 	DATA 	Keypress: left
66.3279 	DATA 	Keypress: left
66.4282 	DATA 	Keypress: left
66.5398 	DATA 	Keypress: left
66.6410 	DATA 	Keypress: left
66.7558 	DATA 	Keypress: left
66.8622 	DATA 	Keypress: left
66.9891 	DATA 	Keypress: left
67.1122 	DATA 	Keypress: left
67.4919 	DATA 	Keypress: left
67.6110 	DATA 	Keypress: left
67.7288 	DATA 	Keypress: left
67.8408 	DATA 	Keypress: left
67.8780 	DATA 	[STRUCTURE] Calibration completed - Final count: 15
67.9609 	DATA 	Keypress: left
68.0816 	DATA 	Keypress: left
68.7018 	DATA 	Keypress: space
68.7023 	DATA 	[DATA] Left-key clicks: 15
68.7023 	DATA 	[DATA] Hard clicks required: 24
69.9726 	DATA 	Keypress: space
69.9729 	DATA 	[STRUCTURE] Skipping practice trials
69.9729 	DATA 	[STRUCTURE] Running main experimental trials
78.3844 	DATA 	Keypress: left
78.6359 	DATA 	Keypress: space
79.1896 	DATA 	Keypress: space
79.3729 	DATA 	Keypress: space
79.7536 	DATA 	Keypress: space
79.9383 	DATA 	Keypress: space
80.1061 	DATA 	Keypress: space
80.2552 	DATA 	Keypress: space
80.3987 	DATA 	Keypress: space
80.5316 	DATA 	Keypress: space
80.6893 	DATA 	Keypress: space
80.8464 	DATA 	Keypress: space
80.9984 	DATA 	Keypress: space
81.1546 	DATA 	Keypress: space
81.3131 	DATA 	Keypress: space
81.4586 	DATA 	Keypress: space
81.5921 	DATA 	Keypress: space
81.8393 	DATA 	Keypress: space
82.0551 	DATA 	Keypress: space
82.2060 	DATA 	Keypress: space
82.3649 	DATA 	Keypress: space
82.5253 	DATA 	Keypress: space
82.6928 	DATA 	Keypress: space
82.8588 	DATA 	Keypress: space
83.0130 	DATA 	Keypress: space
83.1727 	DATA 	Keypress: space
83.3460 	DATA 	Keypress: space
83.5129 	DATA 	Keypress: space
83.6728 	DATA 	Keypress: space
83.8460 	DATA 	Keypress: space
84.1626 	DATA 	Keypress: space
84.3295 	DATA 	Keypress: space
84.4818 	DATA 	Keypress: space
84.6413 	DATA 	Keypress: space
84.8128 	DATA 	Keypress: space
84.9526 	DATA 	Keypress: space
90.1932 	DATA 	Keypress: left
92.0397 	DATA 	Keypress: space
92.2256 	DATA 	Keypress: space
92.3983 	DATA 	Keypress: space
92.5403 	DATA 	Keypress: space
92.7065 	DATA 	Keypress: space
92.8657 	DATA 	Keypress: space
93.0129 	DATA 	Keypress: space
93.2218 	DATA 	Keypress: space
93.4151 	DATA 	Keypress: space
93.5773 	DATA 	Keypress: space
93.7135 	DATA 	Keypress: space
93.8730 	DATA 	Keypress: space
94.0400 	DATA 	Keypress: space
94.1129 	DATA 	Keypress: space
94.2796 	DATA 	Keypress: space
94.5578 	DATA 	Keypress: space
94.7337 	DATA 	Keypress: space
94.9091 	DATA 	Keypress: space
95.1488 	DATA 	Keypress: space
95.6230 	DATA 	Keypress: space
95.9563 	DATA 	Keypress: space
96.1258 	DATA 	Keypress: space
96.2821 	DATA 	Keypress: space
96.4319 	DATA 	Keypress: space
96.5887 	DATA 	Keypress: space
96.7465 	DATA 	Keypress: space
96.9155 	DATA 	Keypress: space
97.0800 	DATA 	Keypress: space
97.2315 	DATA 	Keypress: space
97.4397 	DATA 	Keypress: space
97.5953 	DATA 	Keypress: space
101.2352 	DATA 	Keypress: left
103.7923 	DATA 	Keypress: space
103.9918 	DATA 	Keypress: space
104.2133 	DATA 	Keypress: space
104.4065 	DATA 	Keypress: space
104.5799 	DATA 	Keypress: space
104.7652 	DATA 	Keypress: space
104.9399 	DATA 	Keypress: space
105.1148 	DATA 	Keypress: space
105.2898 	DATA 	Keypress: space
105.4726 	DATA 	Keypress: space
105.6299 	DATA 	Keypress: space
105.8148 	DATA 	Keypress: space
105.9969 	DATA 	Keypress: space
106.3314 	DATA 	Keypress: space
106.5399 	DATA 	Keypress: space
106.7156 	DATA 	Keypress: space
106.9131 	DATA 	Keypress: space
107.1066 	DATA 	Keypress: space
107.2966 	DATA 	Keypress: space
107.4966 	DATA 	Keypress: space
107.6816 	DATA 	Keypress: space
107.9305 	DATA 	Keypress: space
108.1074 	DATA 	Keypress: space
108.2985 	DATA 	Keypress: space
108.5136 	DATA 	Keypress: space
109.2493 	DATA 	Keypress: space
109.6891 	DATA 	Keypress: space
116.8840 	DATA 	Keypress: left
118.9261 	DATA 	Keypress: space
119.1136 	DATA 	Keypress: space
119.3068 	DATA 	Keypress: space
119.4936 	DATA 	Keypress: space
119.6795 	DATA 	Keypress: space
119.8741 	DATA 	Keypress: space
120.0658 	DATA 	Keypress: space
120.2635 	DATA 	Keypress: space
120.4763 	DATA 	Keypress: space
120.5390 	DATA 	Keypress: space
120.7568 	DATA 	Keypress: space
120.9637 	DATA 	Keypress: space
121.1323 	DATA 	Keypress: space
121.2901 	DATA 	Keypress: space
121.4634 	DATA 	Keypress: space
121.6156 	DATA 	Keypress: space
121.7764 	DATA 	Keypress: space
121.9235 	DATA 	Keypress: space
122.1743 	DATA 	Keypress: space
122.3591 	DATA 	Keypress: space
122.5325 	DATA 	Keypress: space
122.7136 	DATA 	Keypress: space
122.8801 	DATA 	Keypress: space
123.1322 	DATA 	Keypress: space
123.2988 	DATA 	Keypress: space
123.4557 	DATA 	Keypress: space
123.6137 	DATA 	Keypress: space
123.7824 	DATA 	Keypress: space
123.9226 	DATA 	Keypress: space
124.0802 	DATA 	Keypress: space
129.0598 	DATA 	Keypress: left
131.4805 	DATA 	Keypress: space
131.6934 	DATA 	Keypress: space
131.8803 	DATA 	Keypress: space
132.0737 	DATA 	Keypress: space
132.2492 	DATA 	Keypress: space
132.4325 	DATA 	Keypress: space
132.5930 	DATA 	Keypress: space
132.7598 	DATA 	Keypress: space
133.0070 	DATA 	Keypress: space
133.1826 	DATA 	Keypress: space
133.3597 	DATA 	Keypress: space
133.5266 	DATA 	Keypress: space
133.8229 	DATA 	Keypress: space
134.0137 	DATA 	Keypress: space
134.1822 	DATA 	Keypress: space
134.3493 	DATA 	Keypress: space
134.5470 	DATA 	Keypress: space
134.7404 	DATA 	Keypress: space
134.9325 	DATA 	Keypress: space
135.1324 	DATA 	Keypress: space
135.3226 	DATA 	Keypress: space
135.5059 	DATA 	Keypress: space
135.6766 	DATA 	Keypress: space
135.8433 	DATA 	Keypress: space
135.9997 	DATA 	Keypress: space
136.1600 	DATA 	Keypress: space
136.3268 	DATA 	Keypress: space
136.5072 	DATA 	Keypress: space
136.6098 	DATA 	Keypress: space
136.7437 	DATA 	Keypress: space
141.4489 	DATA 	Keypress: up
143.3578 	DATA 	Keypress: left
145.3491 	DATA 	Keypress: space
145.5336 	DATA 	Keypress: space
145.7059 	DATA 	Keypress: space
145.8829 	DATA 	Keypress: space
146.0573 	DATA 	Keypress: space
146.2309 	DATA 	Keypress: space
146.3643 	DATA 	Keypress: space
146.5330 	DATA 	Keypress: space
146.7097 	DATA 	Keypress: space
146.8976 	DATA 	Keypress: space
147.0639 	DATA 	Keypress: space
147.2495 	DATA 	Keypress: space
147.4240 	DATA 	Keypress: space
147.5993 	DATA 	Keypress: space
147.8073 	DATA 	Keypress: space
147.9989 	DATA 	Keypress: space
148.1807 	DATA 	Keypress: space
148.3741 	DATA 	Keypress: space
148.7474 	DATA 	Keypress: space
149.2074 	DATA 	Keypress: space
149.4416 	DATA 	Keypress: space
149.7168 	DATA 	Keypress: space
150.0808 	DATA 	Keypress: space
150.3568 	DATA 	Keypress: space
150.6835 	DATA 	Keypress: space
151.1143 	DATA 	Keypress: space
159.9068 	DATA 	Keypress: right
161.8979 	DATA 	Keypress: space
162.1435 	DATA 	Keypress: space
162.5829 	DATA 	Keypress: right
162.7397 	DATA 	Keypress: right
162.8907 	DATA 	Keypress: right
163.0574 	DATA 	Keypress: right
163.2240 	DATA 	Keypress: right
163.4007 	DATA 	Keypress: right
163.5665 	DATA 	Keypress: right
163.7444 	DATA 	Keypress: right
163.9310 	DATA 	Keypress: right
164.0976 	DATA 	Keypress: right
164.2666 	DATA 	Keypress: right
164.4309 	DATA 	Keypress: right
165.0166 	DATA 	Keypress: left
165.2512 	DATA 	Keypress: left
165.4172 	DATA 	Keypress: left
165.5898 	DATA 	Keypress: left
165.7567 	DATA 	Keypress: left
165.9500 	DATA 	Keypress: left
166.1143 	DATA 	Keypress: left
166.2898 	DATA 	Keypress: left
166.4600 	DATA 	Keypress: left
166.6324 	DATA 	Keypress: left
166.8006 	DATA 	Keypress: left
166.9812 	DATA 	Keypress: left
172.1459 	DATA 	Keypress: right
174.2662 	DATA 	Keypress: right
174.5145 	DATA 	Keypress: right
175.2667 	DATA 	Keypress: right
175.5314 	DATA 	Keypress: right
176.2437 	DATA 	Keypress: right
177.1666 	DATA 	Keypress: right
177.9736 	DATA 	Keypress: right
178.1733 	DATA 	Keypress: right
178.4075 	DATA 	Keypress: right
179.2500 	DATA 	Keypress: right
180.1579 	DATA 	Keypress: right
180.6244 	DATA 	Keypress: right
181.5668 	DATA 	Keypress: left
182.6904 	DATA 	Keypress: left
184.4779 	DATA 	Keypress: left
185.5780 	DATA 	Keypress: left
186.3175 	DATA 	Keypress: left
187.3829 	DATA 	Keypress: left
189.0504 	DATA 	Keypress: left
190.0508 	DATA 	Keypress: left
190.2754 	DATA 	Keypress: left
190.6736 	DATA 	Keypress: left
192.0579 	DATA 	Keypress: left
201.1954 	DATA 	Keypress: left
202.2517 	DATA 	Keypress: space
202.4570 	DATA 	Keypress: space
202.6809 	DATA 	Keypress: space
203.2742 	DATA 	Keypress: space
203.4779 	DATA 	Keypress: space
203.6505 	DATA 	Keypress: space
203.8016 	DATA 	Keypress: space
204.0507 	DATA 	Keypress: space
204.2506 	DATA 	Keypress: space
204.4111 	DATA 	Keypress: space
204.5747 	DATA 	Keypress: space
204.8943 	DATA 	Keypress: space
205.0821 	DATA 	Keypress: space
205.2612 	DATA 	Keypress: space
205.4342 	DATA 	Keypress: space
205.6670 	DATA 	Keypress: space
205.8607 	DATA 	Keypress: space
206.0513 	DATA 	Keypress: space
206.2609 	DATA 	Keypress: space
206.4508 	DATA 	Keypress: space
206.6339 	DATA 	Keypress: space
206.8155 	DATA 	Keypress: space
206.9919 	DATA 	Keypress: space
207.1594 	DATA 	Keypress: space
207.3374 	DATA 	Keypress: space
207.5007 	DATA 	Keypress: space
207.6906 	DATA 	Keypress: space
207.8755 	DATA 	Keypress: space
208.0675 	DATA 	Keypress: space
208.2578 	DATA 	Keypress: space
208.5751 	DATA 	Keypress: space
208.7753 	DATA 	Keypress: space
208.9819 	DATA 	Keypress: space
209.2045 	DATA 	Keypress: space
212.7589 	DATA 	Keypress: left
213.9388 	DATA 	Keypress: space
214.1177 	DATA 	Keypress: space
214.3450 	DATA 	Keypress: space
214.5603 	DATA 	Keypress: space
214.7327 	DATA 	Keypress: space
214.8915 	DATA 	Keypress: space
215.1447 	DATA 	Keypress: space
215.3446 	DATA 	Keypress: space
215.4987 	DATA 	Keypress: space
215.7587 	DATA 	Keypress: space
215.9320 	DATA 	Keypress: space
216.1078 	DATA 	Keypress: space
216.3678 	DATA 	Keypress: space
216.6012 	DATA 	Keypress: space
216.7754 	DATA 	Keypress: space
216.9349 	DATA 	Keypress: space
217.0988 	DATA 	Keypress: space
217.2508 	DATA 	Keypress: space
217.4087 	DATA 	Keypress: space
217.5619 	DATA 	Keypress: space
217.7347 	DATA 	Keypress: space
217.8822 	DATA 	Keypress: space
218.0489 	DATA 	Keypress: space
218.2155 	DATA 	Keypress: space
218.3825 	DATA 	Keypress: space
218.5616 	DATA 	Keypress: space
218.7345 	DATA 	Keypress: space
218.9087 	DATA 	Keypress: space
219.0821 	DATA 	Keypress: space
219.2821 	DATA 	Keypress: space
219.4282 	DATA 	Keypress: space
219.6156 	DATA 	Keypress: space
219.8623 	DATA 	Keypress: space
224.6610 	DATA 	Keypress: left
225.3580 	DATA 	Keypress: space
225.7673 	DATA 	Keypress: space
226.5844 	DATA 	Keypress: space
226.7588 	DATA 	Keypress: space
226.9449 	DATA 	Keypress: space
227.1255 	DATA 	Keypress: space
227.2844 	DATA 	Keypress: space
227.4589 	DATA 	Keypress: space
227.6255 	DATA 	Keypress: space
227.7843 	DATA 	Keypress: space
227.9455 	DATA 	Keypress: space
228.1255 	DATA 	Keypress: space
228.2922 	DATA 	Keypress: space
228.4656 	DATA 	Keypress: space
228.6269 	DATA 	Keypress: space
228.7931 	DATA 	Keypress: space
228.9607 	DATA 	Keypress: space
229.1193 	DATA 	Keypress: space
229.2845 	DATA 	Keypress: space
229.4627 	DATA 	Keypress: space
229.6295 	DATA 	Keypress: space
229.8159 	DATA 	Keypress: space
230.0011 	DATA 	Keypress: space
230.1615 	DATA 	Keypress: space
230.3347 	DATA 	Keypress: space
230.5171 	DATA 	Keypress: space
230.6914 	DATA 	Keypress: space
230.8612 	DATA 	Keypress: space
231.0422 	DATA 	Keypress: space
231.2177 	DATA 	Keypress: space
231.3949 	DATA 	Keypress: space
231.5674 	DATA 	Keypress: space
235.6172 	DATA 	Keypress: left
236.4997 	DATA 	Keypress: space
236.7259 	DATA 	Keypress: space
236.9116 	DATA 	Keypress: space
237.1520 	DATA 	Keypress: space
237.3689 	DATA 	Keypress: space
237.5591 	DATA 	Keypress: space
237.7121 	DATA 	Keypress: space
237.8786 	DATA 	Keypress: space
238.0352 	DATA 	Keypress: space
238.2014 	DATA 	Keypress: space
238.3674 	DATA 	Keypress: space
238.5262 	DATA 	Keypress: space
238.6952 	DATA 	Keypress: space
238.8512 	DATA 	Keypress: space
239.0092 	DATA 	Keypress: space
239.2012 	DATA 	Keypress: space
239.3619 	DATA 	Keypress: space
239.5339 	DATA 	Keypress: space
239.7174 	DATA 	Keypress: space
239.8909 	DATA 	Keypress: space
240.0841 	DATA 	Keypress: space
240.2327 	DATA 	Keypress: space
240.4120 	DATA 	Keypress: space
240.5925 	DATA 	Keypress: space
240.7751 	DATA 	Keypress: space
240.9412 	DATA 	Keypress: space
241.1177 	DATA 	Keypress: space
241.2991 	DATA 	Keypress: space
241.4659 	DATA 	Keypress: space
241.6412 	DATA 	Keypress: space
241.8326 	DATA 	Keypress: space
242.0078 	DATA 	Keypress: space
242.2118 	DATA 	Keypress: space
242.4212 	DATA 	Keypress: space
247.6200 	DATA 	Keypress: left
248.0994 	DATA 	Keypress: space
248.2496 	DATA 	Keypress: space
248.4298 	DATA 	Keypress: space
248.8488 	DATA 	Keypress: space
249.0671 	DATA 	Keypress: space
249.3664 	DATA 	Keypress: space
249.5787 	DATA 	Keypress: space
249.7453 	DATA 	Keypress: space
249.9119 	DATA 	Keypress: space
250.0685 	DATA 	Keypress: space
250.2328 	DATA 	Keypress: space
250.3925 	DATA 	Keypress: space
250.5329 	DATA 	Keypress: space
250.6996 	DATA 	Keypress: space
250.8591 	DATA 	Keypress: space
251.0270 	DATA 	Keypress: space
251.1996 	DATA 	Keypress: space
251.3515 	DATA 	Keypress: space
251.4761 	DATA 	Keypress: space
251.6455 	DATA 	Keypress: space
251.8514 	DATA 	Keypress: space
252.0271 	DATA 	Keypress: space
252.3511 	DATA 	Keypress: space
252.5330 	DATA 	Keypress: space
252.6998 	DATA 	Keypress: space
252.8658 	DATA 	Keypress: space
253.0259 	DATA 	Keypress: space
253.1855 	DATA 	Keypress: space
253.3593 	DATA 	Keypress: space
253.5183 	DATA 	Keypress: space
253.7004 	DATA 	Keypress: space
253.8784 	DATA 	Keypress: space
254.0593 	DATA 	Keypress: space
254.2663 	DATA 	Keypress: space
254.4350 	DATA 	Keypress: space
254.6068 	DATA 	Keypress: space
261.8732 	DATA 	Keypress: left
263.2727 	DATA 	Keypress: space
263.8590 	DATA 	Keypress: space
264.0428 	DATA 	Keypress: space
264.2095 	DATA 	Keypress: space
264.5957 	DATA 	Keypress: space
264.7686 	DATA 	Keypress: space
264.9500 	DATA 	Keypress: space
265.1496 	DATA 	Keypress: space
265.3685 	DATA 	Keypress: space
265.5621 	DATA 	Keypress: space
265.6914 	DATA 	Keypress: space
265.9166 	DATA 	Keypress: space
266.1495 	DATA 	Keypress: space
266.3522 	DATA 	Keypress: space
266.4497 	DATA 	Keypress: space
266.5523 	DATA 	Keypress: space
266.6518 	DATA 	Keypress: space
266.7621 	DATA 	Keypress: space
266.9762 	DATA 	Keypress: space
267.1762 	DATA 	Keypress: space
267.3859 	DATA 	Keypress: space
267.5830 	DATA 	Keypress: space
267.7834 	DATA 	Keypress: space
267.9957 	DATA 	Keypress: space
268.1163 	DATA 	Keypress: space
268.2288 	DATA 	Keypress: space
268.4586 	DATA 	Keypress: space
268.6686 	DATA 	Keypress: space
268.8831 	DATA 	Keypress: space
269.1096 	DATA 	Keypress: space
269.4954 	DATA 	Keypress: space
273.3331 	DATA 	Keypress: left
275.3013 	DATA 	Keypress: space
275.3324 	DATA 	Keypress: space
275.4189 	DATA 	Keypress: space
275.5163 	DATA 	Keypress: space
275.6286 	DATA 	Keypress: space
275.7291 	DATA 	Keypress: space
275.8427 	DATA 	Keypress: space
275.9334 	DATA 	Keypress: space
276.0353 	DATA 	Keypress: space
276.1184 	DATA 	Keypress: space
276.2358 	DATA 	Keypress: space
276.3123 	DATA 	Keypress: space
276.4266 	DATA 	Keypress: space
276.5332 	DATA 	Keypress: space
276.6457 	DATA 	Keypress: space
276.7263 	DATA 	Keypress: space
276.8423 	DATA 	Keypress: space
276.9201 	DATA 	Keypress: space
277.0458 	DATA 	Keypress: space
277.1087 	DATA 	Keypress: space
277.2460 	DATA 	Keypress: space
277.4466 	DATA 	Keypress: space
277.5127 	DATA 	Keypress: space
277.6355 	DATA 	Keypress: space
277.6998 	DATA 	Keypress: space
277.8264 	DATA 	Keypress: space
278.2333 	DATA 	Keypress: space
278.3998 	DATA 	Keypress: space
278.5264 	DATA 	Keypress: space
278.6331 	DATA 	Keypress: space
283.2712 	DATA 	Keypress: left
284.2790 	DATA 	Keypress: space
284.5266 	DATA 	Keypress: space
284.6750 	DATA 	Keypress: space
284.7572 	DATA 	Keypress: space
284.8765 	DATA 	Keypress: space
285.1099 	DATA 	Keypress: space
285.1928 	DATA 	Keypress: space
285.3256 	DATA 	Keypress: space
285.5432 	DATA 	Keypress: space
285.6432 	DATA 	Keypress: space
285.7670 	DATA 	Keypress: space
285.8665 	DATA 	Keypress: space
285.9858 	DATA 	Keypress: space
286.0792 	DATA 	Keypress: space
286.2000 	DATA 	Keypress: space
286.2932 	DATA 	Keypress: space
286.4092 	DATA 	Keypress: space
286.5033 	DATA 	Keypress: space
286.6336 	DATA 	Keypress: space
286.8666 	DATA 	Keypress: space
286.9524 	DATA 	Keypress: space
287.0857 	DATA 	Keypress: space
287.3185 	DATA 	Keypress: space
287.6002 	DATA 	Keypress: space
287.7426 	DATA 	Keypress: space
287.9421 	DATA 	Keypress: space
288.1512 	DATA 	Keypress: space
288.3599 	DATA 	Keypress: space
288.5981 	DATA 	Keypress: space
288.7961 	DATA 	Keypress: space
289.0026 	DATA 	Keypress: space
289.2503 	DATA 	Keypress: space
289.6174 	DATA 	Keypress: space
289.8261 	DATA 	Keypress: space
289.9319 	DATA 	Keypress: space
294.3553 	DATA 	Keypress: right
296.2627 	DATA 	Keypress: right
296.4099 	DATA 	Keypress: right
296.5431 	DATA 	Keypress: right
296.6764 	DATA 	Keypress: right
296.7955 	DATA 	Keypress: right
296.9352 	DATA 	Keypress: right
297.0837 	DATA 	Keypress: right
297.2190 	DATA 	Keypress: right
297.3524 	DATA 	Keypress: right
297.4771 	DATA 	Keypress: right
297.5835 	DATA 	Keypress: right
297.7287 	DATA 	Keypress: right
297.7292 	DATA 	Keypress: left
297.8867 	DATA 	Keypress: left
298.0523 	DATA 	Keypress: left
298.2004 	DATA 	Keypress: left
298.3720 	DATA 	Keypress: left
298.5306 	DATA 	Keypress: left
298.7036 	DATA 	Keypress: left
298.8305 	DATA 	Keypress: left
299.1514 	DATA 	Keypress: left
299.3171 	DATA 	Keypress: left
299.5609 	DATA 	Keypress: left
299.7191 	DATA 	Keypress: left
299.8777 	DATA 	Keypress: left
304.1035 	DATA 	Keypress: space
305.0832 	DATA 	Keypress: right
306.3538 	DATA 	Keypress: right
306.5068 	DATA 	Keypress: right
306.6683 	DATA 	Keypress: right
306.8334 	DATA 	Keypress: right
306.9933 	DATA 	Keypress: right
307.1427 	DATA 	Keypress: right
307.2861 	DATA 	Keypress: right
307.4458 	DATA 	Keypress: right
307.6089 	DATA 	Keypress: right
307.7600 	DATA 	Keypress: right
307.9128 	DATA 	Keypress: right
308.0796 	DATA 	Keypress: right
308.2269 	DATA 	Keypress: right
308.4089 	DATA 	Keypress: right
308.7356 	DATA 	Keypress: right
308.9854 	DATA 	Keypress: left
309.1266 	DATA 	Keypress: left
309.2690 	DATA 	Keypress: left
309.4520 	DATA 	Keypress: left
309.6269 	DATA 	Keypress: left
309.8025 	DATA 	Keypress: left
309.9668 	DATA 	Keypress: left
310.1127 	DATA 	Keypress: left
310.2790 	DATA 	Keypress: left
310.4334 	DATA 	Keypress: left
310.5853 	DATA 	Keypress: left
310.7521 	DATA 	Keypress: left
310.9147 	DATA 	Keypress: left
312.2075 	DATA 	Keypress: right
314.9655 	DATA 	Keypress: right
342.3369 	DATA 	Keypress: right
344.2859 	DATA 	Keypress: right
344.5102 	DATA 	Keypress: right
344.6766 	DATA 	Keypress: right
344.8342 	DATA 	Keypress: right
345.0008 	DATA 	Keypress: right
345.1433 	DATA 	Keypress: right
345.3008 	DATA 	Keypress: right
345.4531 	DATA 	Keypress: right
345.6189 	DATA 	Keypress: right
345.9342 	DATA 	Keypress: right
346.2458 	DATA 	Keypress: right
346.7522 	DATA 	Keypress: right
364.6943 	DATA 	Keypress: right
369.8787 	DATA 	Keypress: left
371.9526 	DATA 	Keypress: space
372.1366 	DATA 	Keypress: space
372.2970 	DATA 	Keypress: space
372.4698 	DATA 	Keypress: space
372.9177 	DATA 	Keypress: space
373.0974 	DATA 	Keypress: space
373.3271 	DATA 	Keypress: space
373.4865 	DATA 	Keypress: space
373.6699 	DATA 	Keypress: space
373.7705 	DATA 	Keypress: space
373.9116 	DATA 	Keypress: space
374.1366 	DATA 	Keypress: space
374.3532 	DATA 	Keypress: space
374.5636 	DATA 	Keypress: space
374.7703 	DATA 	Keypress: space
375.0033 	DATA 	Keypress: space
375.2267 	DATA 	Keypress: space
375.4846 	DATA 	Keypress: space
375.5868 	DATA 	Keypress: space
375.7036 	DATA 	Keypress: space
375.8271 	DATA 	Keypress: space
375.9638 	DATA 	Keypress: space
376.1844 	DATA 	Keypress: space
376.3868 	DATA 	Keypress: space
376.6182 	DATA 	Keypress: space
376.8599 	DATA 	Keypress: space
377.0699 	DATA 	Keypress: space
377.2948 	DATA 	Keypress: space
377.5268 	DATA 	Keypress: space
377.7543 	DATA 	Keypress: space
378.0511 	DATA 	Keypress: space
378.2934 	DATA 	Keypress: space
381.6825 	DATA 	Keypress: left
382.5871 	DATA 	Keypress: space
382.9109 	DATA 	Keypress: space
383.0446 	DATA 	Keypress: space
383.7114 	DATA 	Keypress: space
383.9711 	DATA 	Keypress: space
384.2267 	DATA 	Keypress: space
384.4852 	DATA 	Keypress: space
384.7447 	DATA 	Keypress: space
384.7971 	DATA 	Keypress: space
384.9935 	DATA 	Keypress: space
385.0606 	DATA 	Keypress: space
385.3182 	DATA 	Keypress: space
385.3849 	DATA 	Keypress: space
385.5268 	DATA 	Keypress: space
385.5848 	DATA 	Keypress: space
385.6461 	DATA 	Keypress: space
385.8703 	DATA 	Keypress: space
385.9179 	DATA 	Keypress: space
386.0602 	DATA 	Keypress: space
386.1308 	DATA 	Keypress: space
386.1869 	DATA 	Keypress: space
386.3518 	DATA 	Keypress: space
386.4113 	DATA 	Keypress: space
386.4643 	DATA 	Keypress: space
386.6051 	DATA 	Keypress: space
386.6541 	DATA 	Keypress: space
386.7275 	DATA 	Keypress: space
386.8614 	DATA 	Keypress: space
386.9276 	DATA 	Keypress: space
386.9946 	DATA 	Keypress: space
387.1285 	DATA 	Keypress: space
387.2114 	DATA 	Keypress: space
387.2612 	DATA 	Keypress: space
387.3875 	DATA 	Keypress: space
387.5168 	DATA 	Keypress: space
390.9643 	DATA 	Keypress: left
391.4994 	DATA 	Keypress: space
393.0182 	DATA 	Keypress: space
393.2700 	DATA 	Keypress: space
393.3372 	DATA 	Keypress: space
393.4114 	DATA 	Keypress: space
393.5374 	DATA 	Keypress: space
393.6038 	DATA 	Keypress: space
393.6641 	DATA 	Keypress: space
393.8685 	DATA 	Keypress: space
393.9350 	DATA 	Keypress: space
394.1291 	DATA 	Keypress: space
394.2349 	DATA 	Keypress: space
394.3538 	DATA 	Keypress: space
394.4799 	DATA 	Keypress: space
394.6817 	DATA 	Keypress: space
394.7518 	DATA 	Keypress: space
394.8807 	DATA 	Keypress: space
395.0019 	DATA 	Keypress: space
395.2948 	DATA 	Keypress: space
395.4439 	DATA 	Keypress: space
395.5808 	DATA 	Keypress: space
395.7806 	DATA 	Keypress: space
395.8539 	DATA 	Keypress: space
396.0607 	DATA 	Keypress: space
396.1373 	DATA 	Keypress: space
396.2782 	DATA 	Keypress: space
396.5371 	DATA 	Keypress: space
396.6372 	DATA 	Keypress: space
396.6976 	DATA 	Keypress: space
396.8277 	DATA 	Keypress: space
396.9642 	DATA 	Keypress: space
397.1128 	DATA 	Keypress: space
397.1740 	DATA 	Keypress: space
397.2403 	DATA 	Keypress: space
401.0934 	DATA 	Keypress: left
403.1205 	DATA 	Keypress: space
403.4142 	DATA 	Keypress: space
403.6437 	DATA 	Keypress: space
403.9109 	DATA 	Keypress: space
404.1618 	DATA 	Keypress: space
404.4476 	DATA 	Keypress: space
404.7042 	DATA 	Keypress: space
404.9605 	DATA 	Keypress: space
405.2039 	DATA 	Keypress: space
405.4517 	DATA 	Keypress: space
405.7313 	DATA 	Keypress: space
405.9547 	DATA 	Keypress: space
406.1851 	DATA 	Keypress: space
406.4313 	DATA 	Keypress: space
406.6707 	DATA 	Keypress: space
406.9275 	DATA 	Keypress: space
406.9851 	DATA 	Keypress: space
407.0704 	DATA 	Keypress: space
407.1984 	DATA 	Keypress: space
407.2606 	DATA 	Keypress: space
407.3449 	DATA 	Keypress: space
407.5520 	DATA 	Keypress: space
407.6183 	DATA 	Keypress: space
407.7783 	DATA 	Keypress: space
407.8186 	DATA 	Keypress: space
407.8942 	DATA 	Keypress: space
408.0609 	DATA 	Keypress: space
408.0977 	DATA 	Keypress: space
408.1711 	DATA 	Keypress: space
408.3282 	DATA 	Keypress: space
408.4578 	DATA 	Keypress: space
412.8342 	DATA 	Keypress: left
414.4611 	DATA 	Keypress: space
414.7612 	DATA 	Keypress: space
415.0042 	DATA 	Keypress: space
415.0853 	DATA 	Keypress: space
415.1311 	DATA 	Keypress: space
415.2705 	DATA 	Keypress: space
415.3371 	DATA 	Keypress: space
415.4118 	DATA 	Keypress: space
415.5452 	DATA 	Keypress: space
415.6118 	DATA 	Keypress: space
415.6879 	DATA 	Keypress: space
415.8118 	DATA 	Keypress: space
415.9852 	DATA 	Keypress: space
416.1451 	DATA 	Keypress: space
416.2710 	DATA 	Keypress: space
416.4806 	DATA 	Keypress: space
416.5486 	DATA 	Keypress: space
416.6952 	DATA 	Keypress: space
416.7786 	DATA 	Keypress: space
416.8354 	DATA 	Keypress: space
416.9875 	DATA 	Keypress: space
417.0689 	DATA 	Keypress: space
417.1353 	DATA 	Keypress: space
417.2814 	DATA 	Keypress: space
417.4108 	DATA 	Keypress: space
417.5618 	DATA 	Keypress: space
417.7019 	DATA 	Keypress: space
417.8543 	DATA 	Keypress: space
417.9204 	DATA 	Keypress: space
418.0021 	DATA 	Keypress: space
418.1647 	DATA 	Keypress: space
418.3263 	DATA 	Keypress: space
425.6062 	DATA 	Keypress: left
427.6053 	DATA 	Keypress: space
427.7539 	DATA 	Keypress: space
427.9954 	DATA 	Keypress: space
428.0689 	DATA 	Keypress: space
428.2113 	DATA 	Keypress: space
428.2953 	DATA 	Keypress: space
428.3482 	DATA 	Keypress: space
428.4879 	DATA 	Keypress: space
428.5442 	DATA 	Keypress: space
428.6356 	DATA 	Keypress: space
428.7688 	DATA 	Keypress: space
428.9354 	DATA 	Keypress: space
429.0690 	DATA 	Keypress: space
429.2022 	DATA 	Keypress: space
429.3481 	DATA 	Keypress: space
429.5154 	DATA 	Keypress: space
429.7113 	DATA 	Keypress: space
429.7875 	DATA 	Keypress: space
429.9210 	DATA 	Keypress: space
429.9810 	DATA 	Keypress: space
430.0374 	DATA 	Keypress: space
430.1875 	DATA 	Keypress: space
430.2689 	DATA 	Keypress: space
430.3358 	DATA 	Keypress: space
430.4954 	DATA 	Keypress: space
430.5820 	DATA 	Keypress: space
430.6480 	DATA 	Keypress: space
430.7719 	DATA 	Keypress: space
430.9043 	DATA 	Keypress: space
431.0355 	DATA 	Keypress: space
431.1651 	DATA 	Keypress: space
436.0780 	DATA 	Keypress: left
438.1542 	DATA 	Keypress: space
438.2855 	DATA 	Keypress: space
438.4525 	DATA 	Keypress: space
438.5859 	DATA 	Keypress: space
438.7121 	DATA 	Keypress: space
439.0122 	DATA 	Keypress: space
439.1380 	DATA 	Keypress: space
439.4215 	DATA 	Keypress: space
439.5733 	DATA 	Keypress: space
439.6363 	DATA 	Keypress: space
439.6965 	DATA 	Keypress: space
439.8469 	DATA 	Keypress: space
439.8862 	DATA 	Keypress: space
439.9691 	DATA 	Keypress: space
440.1048 	DATA 	Keypress: space
440.1785 	DATA 	Keypress: space
440.3716 	DATA 	Keypress: space
440.4448 	DATA 	Keypress: space
440.5155 	DATA 	Keypress: space
440.6689 	DATA 	Keypress: space
440.7210 	DATA 	Keypress: space
440.7812 	DATA 	Keypress: space
440.9444 	DATA 	Keypress: space
441.1116 	DATA 	Keypress: space
441.2449 	DATA 	Keypress: space
441.3820 	DATA 	Keypress: space
441.5046 	DATA 	Keypress: space
441.5817 	DATA 	Keypress: space
441.6815 	DATA 	Keypress: space
441.8148 	DATA 	Keypress: space
441.9181 	DATA 	Keypress: space
441.9653 	DATA 	Keypress: space
446.2642 	DATA 	Keypress: left
448.4456 	DATA 	Keypress: space
448.5946 	DATA 	Keypress: space
448.7524 	DATA 	Keypress: space
448.8122 	DATA 	Keypress: space
448.8857 	DATA 	Keypress: space
449.0123 	DATA 	Keypress: space
449.1456 	DATA 	Keypress: space
449.2714 	DATA 	Keypress: space
449.4215 	DATA 	Keypress: space
449.5456 	DATA 	Keypress: space
449.6858 	DATA 	Keypress: space
449.8130 	DATA 	Keypress: space
449.9457 	DATA 	Keypress: space
450.0949 	DATA 	Keypress: space
450.1858 	DATA 	Keypress: space
450.2618 	DATA 	Keypress: space
450.4048 	DATA 	Keypress: space
450.5287 	DATA 	Keypress: space
450.6614 	DATA 	Keypress: space
450.7991 	DATA 	Keypress: space
450.9525 	DATA 	Keypress: space
451.0861 	DATA 	Keypress: space
451.2192 	DATA 	Keypress: space
451.3790 	DATA 	Keypress: space
451.5124 	DATA 	Keypress: space
451.5954 	DATA 	Keypress: space
451.6525 	DATA 	Keypress: space
451.7791 	DATA 	Keypress: space
451.9527 	DATA 	Keypress: space
452.0859 	DATA 	Keypress: space
452.1800 	DATA 	Keypress: space
452.2397 	DATA 	Keypress: space
457.1309 	DATA 	Keypress: left
459.1880 	DATA 	Keypress: space
459.2451 	DATA 	Keypress: space
459.3158 	DATA 	Keypress: space
459.5963 	DATA 	Keypress: space
459.7214 	DATA 	Keypress: space
459.7859 	DATA 	Keypress: space
459.9525 	DATA 	Keypress: space
460.1858 	DATA 	Keypress: space
460.2880 	DATA 	Keypress: space
460.4459 	DATA 	Keypress: space
460.5281 	DATA 	Keypress: space
460.5716 	DATA 	Keypress: space
460.6791 	DATA 	Keypress: space
460.7986 	DATA 	Keypress: space
460.9054 	DATA 	Keypress: space
460.9860 	DATA 	Keypress: space
461.0280 	DATA 	Keypress: space
461.1547 	DATA 	Keypress: space
461.2321 	DATA 	Keypress: space
461.2859 	DATA 	Keypress: space
461.4283 	DATA 	Keypress: space
461.5618 	DATA 	Keypress: space
461.6946 	DATA 	Keypress: space
461.8221 	DATA 	Keypress: space
461.9792 	DATA 	Keypress: space
462.0458 	DATA 	Keypress: space
462.1322 	DATA 	Keypress: space
462.2532 	DATA 	Keypress: space
462.3526 	DATA 	Keypress: space
462.4196 	DATA 	Keypress: space
462.7016 	DATA 	Keypress: space
462.7774 	DATA 	Keypress: space
467.1312 	DATA 	Keypress: left
469.0366 	DATA 	Keypress: space
469.1135 	DATA 	Keypress: space
469.2693 	DATA 	Keypress: space
469.5422 	DATA 	Keypress: space
469.6994 	DATA 	Keypress: space
469.8130 	DATA 	Keypress: space
470.0688 	DATA 	Keypress: space
470.1050 	DATA 	Keypress: space
470.3055 	DATA 	Keypress: space
470.3785 	DATA 	Keypress: space
470.5697 	DATA 	Keypress: space
470.8294 	DATA 	Keypress: space
470.9293 	DATA 	Keypress: space
471.0882 	DATA 	Keypress: space
471.2363 	DATA 	Keypress: space
471.3785 	DATA 	Keypress: space
471.5219 	DATA 	Keypress: space
471.6395 	DATA 	Keypress: space
471.7695 	DATA 	Keypress: space
471.9029 	DATA 	Keypress: space
472.0787 	DATA 	Keypress: space
472.1827 	DATA 	Keypress: space
472.3488 	DATA 	Keypress: space
472.4695 	DATA 	Keypress: space
472.5389 	DATA 	Keypress: space
472.6370 	DATA 	Keypress: space
472.7695 	DATA 	Keypress: space
472.8696 	DATA 	Keypress: space
472.9454 	DATA 	Keypress: space
473.0788 	DATA 	Keypress: space
473.1401 	DATA 	Keypress: space
473.2098 	DATA 	Keypress: space
478.9887 	DATA 	Keypress: left
481.1462 	DATA 	Keypress: space
481.4796 	DATA 	Keypress: space
481.5286 	DATA 	Keypress: space
481.7532 	DATA 	Keypress: space
481.7989 	DATA 	Keypress: space
481.8621 	DATA 	Keypress: space
481.9988 	DATA 	Keypress: space
482.2624 	DATA 	Keypress: space
482.5198 	DATA 	Keypress: space
482.5658 	DATA 	Keypress: space
482.7795 	DATA 	Keypress: space
482.8218 	DATA 	Keypress: space
482.8865 	DATA 	Keypress: space
483.0197 	DATA 	Keypress: space
483.0720 	DATA 	Keypress: space
483.1385 	DATA 	Keypress: space
483.2797 	DATA 	Keypress: space
483.3462 	DATA 	Keypress: space
483.5000 	DATA 	Keypress: space
483.5540 	DATA 	Keypress: space
483.6127 	DATA 	Keypress: space
483.6820 	DATA 	Keypress: space
483.8367 	DATA 	Keypress: space
483.9629 	DATA 	Keypress: space
484.1296 	DATA 	Keypress: space
484.2455 	DATA 	Keypress: space
484.3967 	DATA 	Keypress: space
484.5218 	DATA 	Keypress: space
484.6745 	DATA 	Keypress: space
484.7392 	DATA 	Keypress: space
484.7998 	DATA 	Keypress: space
489.7626 	DATA 	Keypress: left
491.8217 	DATA 	Keypress: space
491.9964 	DATA 	Keypress: space
492.1125 	DATA 	Keypress: space
492.2491 	DATA 	Keypress: space
492.3722 	DATA 	Keypress: space
492.5160 	DATA 	Keypress: space
492.6630 	DATA 	Keypress: space
492.8033 	DATA 	Keypress: space
492.9456 	DATA 	Keypress: space
493.0720 	DATA 	Keypress: space
493.2158 	DATA 	Keypress: space
493.3554 	DATA 	Keypress: space
493.4964 	DATA 	Keypress: space
493.6366 	DATA 	Keypress: space
493.7964 	DATA 	Keypress: space
493.9228 	DATA 	Keypress: space
494.0714 	DATA 	Keypress: space
494.2131 	DATA 	Keypress: space
494.3536 	DATA 	Keypress: space
494.4888 	DATA 	Keypress: space
494.6326 	DATA 	Keypress: space
494.7889 	DATA 	Keypress: space
494.8386 	DATA 	Keypress: space
494.9223 	DATA 	Keypress: space
495.0866 	DATA 	Keypress: space
495.2130 	DATA 	Keypress: space
495.3797 	DATA 	Keypress: space
495.5292 	DATA 	Keypress: space
495.6797 	DATA 	Keypress: space
495.8201 	DATA 	Keypress: space
502.5316 	DATA 	Keypress: left
503.8303 	DATA 	Keypress: space
504.5720 	DATA 	Keypress: space
504.8389 	DATA 	Keypress: space
504.9062 	DATA 	Keypress: space
504.9757 	DATA 	Keypress: space
505.1054 	DATA 	Keypress: space
505.2538 	DATA 	Keypress: space
505.3958 	DATA 	Keypress: space
505.5202 	DATA 	Keypress: space
505.6664 	DATA 	Keypress: space
505.7992 	DATA 	Keypress: space
505.9535 	DATA 	Keypress: space
506.0890 	DATA 	Keypress: space
506.2389 	DATA 	Keypress: space
506.3202 	DATA 	Keypress: space
506.3869 	DATA 	Keypress: space
506.5322 	DATA 	Keypress: space
506.6722 	DATA 	Keypress: space
506.8222 	DATA 	Keypress: space
506.8867 	DATA 	Keypress: space
506.9626 	DATA 	Keypress: space
507.1304 	DATA 	Keypress: space
507.2535 	DATA 	Keypress: space
507.4131 	DATA 	Keypress: space
507.4868 	DATA 	Keypress: space
507.5559 	DATA 	Keypress: space
507.6996 	DATA 	Keypress: space
507.8132 	DATA 	Keypress: space
507.8866 	DATA 	Keypress: space
508.0325 	DATA 	Keypress: space
508.1639 	DATA 	Keypress: space
514.3782 	DATA 	Keypress: left
516.6498 	DATA 	Keypress: space
516.9559 	DATA 	Keypress: space
517.0889 	DATA 	Keypress: space
517.2301 	DATA 	Keypress: space
517.5226 	DATA 	Keypress: space
517.7968 	DATA 	Keypress: space
518.0371 	DATA 	Keypress: space
518.3203 	DATA 	Keypress: space
518.5624 	DATA 	Keypress: space
518.8054 	DATA 	Keypress: space
519.0628 	DATA 	Keypress: space
519.5055 	DATA 	Keypress: space
520.3661 	DATA 	Keypress: space
520.8468 	DATA 	Keypress: space
521.5202 	DATA 	Keypress: space
527.7667 	DATA 	Keypress: left
529.9247 	DATA 	Keypress: space
530.1165 	DATA 	Keypress: space
530.3725 	DATA 	Keypress: space
530.6163 	DATA 	Keypress: space
530.8370 	DATA 	Keypress: space
531.0638 	DATA 	Keypress: space
531.2702 	DATA 	Keypress: space
531.4970 	DATA 	Keypress: space
531.7124 	DATA 	Keypress: space
531.9495 	DATA 	Keypress: space
532.2039 	DATA 	Keypress: space
532.5556 	DATA 	Keypress: space
532.8225 	DATA 	Keypress: space
533.1871 	DATA 	Keypress: space
533.5469 	DATA 	Keypress: space
542.7083 	DATA 	Keypress: right
543.6734 	DATA 	Keypress: right
543.8537 	DATA 	Keypress: right
544.4771 	DATA 	Keypress: right
544.6410 	DATA 	Keypress: right
544.8039 	DATA 	Keypress: right
544.9503 	DATA 	Keypress: right
545.1636 	DATA 	Keypress: right
545.3374 	DATA 	Keypress: right
545.5038 	DATA 	Keypress: right
545.6706 	DATA 	Keypress: right
545.8561 	DATA 	Keypress: right
546.0131 	DATA 	Keypress: right
546.1893 	DATA 	Keypress: right
546.5461 	DATA 	Keypress: right
547.6705 	DATA 	Keypress: left
547.9227 	DATA 	Keypress: left
548.1038 	DATA 	Keypress: left
548.2970 	DATA 	Keypress: left
548.4830 	DATA 	Keypress: left
548.6969 	DATA 	Keypress: left
549.0232 	DATA 	Keypress: left
549.2892 	DATA 	Keypress: left
549.6328 	DATA 	Keypress: left
550.1058 	DATA 	Keypress: left
550.9801 	DATA 	Keypress: left
572.0730 	DATA 	Keypress: left
573.2649 	DATA 	Keypress: space
573.2934 	DATA 	Keypress: space
573.5336 	DATA 	Keypress: space
573.8006 	DATA 	Keypress: space
573.9771 	DATA 	Keypress: space
574.1900 	DATA 	Keypress: space
574.2809 	DATA 	Keypress: space
574.4150 	DATA 	Keypress: space
574.6237 	DATA 	Keypress: space
574.7066 	DATA 	Keypress: space
574.8370 	DATA 	Keypress: space
574.9184 	DATA 	Keypress: space
575.0378 	DATA 	Keypress: space
575.1497 	DATA 	Keypress: space
575.2740 	DATA 	Keypress: space
575.3711 	DATA 	Keypress: space
575.5166 	DATA 	Keypress: space
575.6134 	DATA 	Keypress: space
575.7400 	DATA 	Keypress: space
575.8468 	DATA 	Keypress: space
575.9835 	DATA 	Keypress: space
576.2505 	DATA 	Keypress: space
576.3642 	DATA 	Keypress: space
576.4987 	DATA 	Keypress: space
576.6044 	DATA 	Keypress: space
576.7309 	DATA 	Keypress: space
576.8379 	DATA 	Keypress: space
576.9643 	DATA 	Keypress: space
577.0569 	DATA 	Keypress: space
577.1836 	DATA 	Keypress: space
577.4045 	DATA 	Keypress: space
577.6169 	DATA 	Keypress: space
577.7970 	DATA 	Keypress: space
583.6313 	DATA 	Keypress: left
584.7461 	DATA 	Keypress: space
585.3546 	DATA 	Keypress: space
585.5878 	DATA 	Keypress: space
585.7638 	DATA 	Keypress: space
585.9977 	DATA 	Keypress: space
586.2406 	DATA 	Keypress: space
586.4712 	DATA 	Keypress: space
586.6978 	DATA 	Keypress: space
586.9233 	DATA 	Keypress: space
587.1566 	DATA 	Keypress: space
587.4505 	DATA 	Keypress: space
587.5649 	DATA 	Keypress: space
587.6900 	DATA 	Keypress: space
587.9213 	DATA 	Keypress: space
588.1546 	DATA 	Keypress: space
588.3670 	DATA 	Keypress: space
588.5889 	DATA 	Keypress: space
588.8046 	DATA 	Keypress: space
589.0380 	DATA 	Keypress: space
589.2671 	DATA 	Keypress: space
589.5174 	DATA 	Keypress: space
589.6404 	DATA 	Keypress: space
589.7735 	DATA 	Keypress: space
589.8732 	DATA 	Keypress: space
590.0145 	DATA 	Keypress: space
590.2246 	DATA 	Keypress: space
590.4337 	DATA 	Keypress: space
590.6343 	DATA 	Keypress: space
590.8547 	DATA 	Keypress: space
591.0638 	DATA 	Keypress: space
591.2671 	DATA 	Keypress: space
595.2099 	DATA 	Keypress: left
596.3097 	DATA 	Keypress: space
596.4908 	DATA 	Keypress: space
596.8235 	DATA 	Keypress: space
597.0671 	DATA 	Keypress: space
597.2069 	DATA 	Keypress: space
597.3638 	DATA 	Keypress: space
597.4547 	DATA 	Keypress: space
597.5900 	DATA 	Keypress: space
597.6811 	DATA 	Keypress: space
597.8216 	DATA 	Keypress: space
598.0213 	DATA 	Keypress: space
598.1069 	DATA 	Keypress: space
598.2213 	DATA 	Keypress: space
598.3403 	DATA 	Keypress: space
598.4384 	DATA 	Keypress: space
598.6814 	DATA 	Keypress: space
598.7975 	DATA 	Keypress: space
598.9215 	DATA 	Keypress: space
599.0302 	DATA 	Keypress: space
599.1705 	DATA 	Keypress: space
599.4083 	DATA 	Keypress: space
599.6255 	DATA 	Keypress: space
599.8463 	DATA 	Keypress: space
600.0570 	DATA 	Keypress: space
600.1646 	DATA 	Keypress: space
600.2903 	DATA 	Keypress: space
600.3979 	DATA 	Keypress: space
600.5472 	DATA 	Keypress: space
600.6473 	DATA 	Keypress: space
600.7839 	DATA 	Keypress: space
600.9839 	DATA 	Keypress: space
601.0840 	DATA 	Keypress: space
607.6888 	DATA 	Keypress: left
610.0073 	DATA 	Keypress: space
610.2842 	DATA 	Keypress: space
610.4904 	DATA 	Keypress: space
610.5844 	DATA 	Keypress: space
610.7315 	DATA 	Keypress: space
610.9474 	DATA 	Keypress: space
611.0240 	DATA 	Keypress: space
611.1714 	DATA 	Keypress: space
611.2574 	DATA 	Keypress: space
611.4091 	DATA 	Keypress: space
611.6236 	DATA 	Keypress: space
611.8381 	DATA 	Keypress: space
611.9142 	DATA 	Keypress: space
612.0568 	DATA 	Keypress: space
612.1482 	DATA 	Keypress: space
612.2735 	DATA 	Keypress: space
612.3678 	DATA 	Keypress: space
612.4885 	DATA 	Keypress: space
612.7308 	DATA 	Keypress: space
612.8218 	DATA 	Keypress: space
612.9738 	DATA 	Keypress: space
613.2217 	DATA 	Keypress: space
613.4360 	DATA 	Keypress: space
613.6550 	DATA 	Keypress: space
613.8815 	DATA 	Keypress: space
614.0736 	DATA 	Keypress: space
614.1235 	DATA 	Keypress: space
614.3815 	DATA 	Keypress: space
614.6549 	DATA 	Keypress: space
614.8973 	DATA 	Keypress: space
623.8377 	DATA 	Keypress: left
624.8400 	DATA 	Keypress: space
625.0203 	DATA 	Keypress: space
625.2509 	DATA 	Keypress: space
625.4648 	DATA 	Keypress: space
625.5816 	DATA 	Keypress: space
625.7221 	DATA 	Keypress: space
625.9406 	DATA 	Keypress: space
626.1579 	DATA 	Keypress: space
626.2410 	DATA 	Keypress: space
626.3738 	DATA 	Keypress: space
626.5886 	DATA 	Keypress: space
626.8150 	DATA 	Keypress: space
627.0231 	DATA 	Keypress: space
627.2407 	DATA 	Keypress: space
627.4553 	DATA 	Keypress: space
627.6736 	DATA 	Keypress: space
627.8916 	DATA 	Keypress: space
628.1150 	DATA 	Keypress: space
628.3218 	DATA 	Keypress: space
628.5405 	DATA 	Keypress: space
628.7575 	DATA 	Keypress: space
628.8675 	DATA 	Keypress: space
628.9973 	DATA 	Keypress: space
629.0811 	DATA 	Keypress: space
629.2098 	DATA 	Keypress: space
629.4174 	DATA 	Keypress: space
629.6237 	DATA 	Keypress: space
629.8718 	DATA 	Keypress: space
630.0573 	DATA 	Keypress: space
630.3072 	DATA 	Keypress: space
630.5385 	DATA 	Keypress: space
630.8146 	DATA 	Keypress: space
631.0978 	DATA 	Keypress: space
635.4268 	DATA 	Keypress: left
637.3146 	DATA 	Keypress: space
637.6574 	DATA 	Keypress: space
637.9518 	DATA 	Keypress: space
638.2142 	DATA 	Keypress: space
638.4652 	DATA 	Keypress: space
638.7319 	DATA 	Keypress: space
638.9986 	DATA 	Keypress: space
639.2411 	DATA 	Keypress: space
639.4985 	DATA 	Keypress: space
639.7575 	DATA 	Keypress: space
640.0056 	DATA 	Keypress: space
640.1055 	DATA 	Keypress: space
640.5509 	DATA 	Keypress: space
640.9389 	DATA 	Keypress: space
641.0813 	DATA 	Keypress: space
641.3053 	DATA 	Keypress: space
641.6573 	DATA 	Keypress: space
641.8052 	DATA 	Keypress: space
641.9985 	DATA 	Keypress: space
642.1319 	DATA 	Keypress: space
642.2985 	DATA 	Keypress: space
642.5907 	DATA 	Keypress: space
642.7407 	DATA 	Keypress: space
642.9390 	DATA 	Keypress: space
643.1147 	DATA 	Keypress: space
643.3077 	DATA 	Keypress: space
643.3414 	DATA 	Keypress: space
643.4387 	DATA 	Keypress: space
643.6148 	DATA 	Keypress: space
643.7653 	DATA 	Keypress: space
647.4423 	DATA 	[STRUCTURE] Data saved to /Users/jesusangelperezsanchez/Desktop/decision_lab/psychopy_decision_task/data/1_M_L.csv
651.6503 	DATA 	Keypress: space
