17.5627 	WARNING 	Font Manager failed to load file /System/Library/PrivateFrameworks/FontServices.framework/Resources/Reserved/PingFangUI.ttc
36.6227 	WARNING 	Monitor specification not found. Creating a temporary one...
36.6620 	WARNING 	User requested fullscreen with size [800 600], but screen is actually [1440, 900]. Using actual size
38.1783 	WARNING 	Couldn't measure a consistent frame rate!
  - Is your graphics card set to sync to vertical blank?
  - Are you running other processes on your computer?

38.2611 	WARNING 	t of last frame was 83.01ms (=1/12)
46.6115 	DATA 	Keypress: space
46.6275 	WARNING 	t of last frame was 8366.39ms (=1/0)
47.6787 	WARNING 	t of last frame was 1051.15ms (=1/0)
48.6835 	WARNING 	t of last frame was 1004.77ms (=1/0)
49.6909 	WARNING 	Multiple dropped frames have occurred - I'll stop bothering you about them!
49.8344 	DATA 	Keypress: right
49.8521 	DATA 	Keypress: right
49.9555 	DATA 	Keypress: right
50.0880 	DATA 	Keypress: right
50.2120 	DATA 	Keypress: right
50.3570 	DATA 	Keypress: right
50.5069 	DATA 	Keypress: right
50.6463 	DATA 	Keypress: right
50.7785 	DATA 	Keypress: right
50.9074 	DATA 	Keypress: right
51.0415 	DATA 	Keypress: right
51.1593 	DATA 	Keypress: right
51.2625 	DATA 	Keypress: right
51.4066 	DATA 	Keypress: right
51.5464 	DATA 	Keypress: right
51.6731 	DATA 	Keypress: right
52.0432 	DATA 	Keypress: right
52.1451 	DATA 	Keypress: right
52.2740 	DATA 	Keypress: right
52.9358 	DATA 	Keypress: space
53.8683 	DATA 	Keypress: space
57.0958 	DATA 	Keypress: left
57.2754 	DATA 	Keypress: left
57.4234 	DATA 	Keypress: left
57.5432 	DATA 	Keypress: left
57.6752 	DATA 	Keypress: left
57.8110 	DATA 	Keypress: left
57.9426 	DATA 	Keypress: left
58.0634 	DATA 	Keypress: left
58.1962 	DATA 	Keypress: left
58.3296 	DATA 	Keypress: left
58.4617 	DATA 	Keypress: left
58.5954 	DATA 	Keypress: left
58.7405 	DATA 	Keypress: left
58.8750 	DATA 	Keypress: left
58.9969 	DATA 	Keypress: left
59.1454 	DATA 	Keypress: left
59.2262 	DATA 	Keypress: left
59.3802 	DATA 	Keypress: left
59.5439 	DATA 	Keypress: left
60.0754 	DATA 	Keypress: space
60.8685 	DATA 	Keypress: space
64.2583 	DATA 	Keypress: right
67.2162 	DATA 	Keypress: left
67.3429 	DATA 	Keypress: left
67.4967 	DATA 	Keypress: left
67.6323 	DATA 	Keypress: left
67.7802 	DATA 	Keypress: left
67.9802 	DATA 	Keypress: right
68.1328 	DATA 	Keypress: right
68.2658 	DATA 	Keypress: right
68.3987 	DATA 	Keypress: right
68.5472 	DATA 	Keypress: right
68.6893 	DATA 	Keypress: right
68.8468 	DATA 	Keypress: right
68.9658 	DATA 	Keypress: right
69.1136 	DATA 	Keypress: right
69.2637 	DATA 	Keypress: right
69.3902 	DATA 	Keypress: right
69.5392 	DATA 	Keypress: right
69.6823 	DATA 	Keypress: right
69.8723 	DATA 	Keypress: left
70.0302 	DATA 	Keypress: left
70.1912 	DATA 	Keypress: left
70.3391 	DATA 	Keypress: left
70.4968 	DATA 	Keypress: left
70.6636 	DATA 	Keypress: left
70.8301 	DATA 	Keypress: left
70.9727 	DATA 	Keypress: left
71.1102 	DATA 	Keypress: left
71.2663 	DATA 	Keypress: left
71.4303 	DATA 	Keypress: left
71.5940 	DATA 	Keypress: left
75.1512 	DATA 	Keypress: right
77.1326 	DATA 	Keypress: right
77.2737 	DATA 	Keypress: right
77.3992 	DATA 	Keypress: right
77.5260 	DATA 	Keypress: right
77.6806 	DATA 	Keypress: right
77.7990 	DATA 	Keypress: right
77.9405 	DATA 	Keypress: right
78.0637 	DATA 	Keypress: right
78.2155 	DATA 	Keypress: right
78.3438 	DATA 	Keypress: right
78.4825 	DATA 	Keypress: right
78.6101 	DATA 	Keypress: right
78.7564 	DATA 	Keypress: right
78.8994 	DATA 	Keypress: right
79.0305 	DATA 	Keypress: right
79.1638 	DATA 	Keypress: right
79.2904 	DATA 	Keypress: right
79.4393 	DATA 	Keypress: right
79.6636 	DATA 	Keypress: left
79.7763 	DATA 	Keypress: left
79.9491 	DATA 	Keypress: left
80.0728 	DATA 	Keypress: left
80.2406 	DATA 	Keypress: left
80.3806 	DATA 	Keypress: left
80.5404 	DATA 	Keypress: left
80.6737 	DATA 	Keypress: left
80.8279 	DATA 	Keypress: left
80.9809 	DATA 	Keypress: left
81.1471 	DATA 	Keypress: left
81.3003 	DATA 	Keypress: left
81.4486 	DATA 	Keypress: left
85.7182 	DATA 	Keypress: left
87.6893 	DATA 	Keypress: right
87.8732 	DATA 	Keypress: right
88.2138 	DATA 	Keypress: left
88.3806 	DATA 	Keypress: left
88.5393 	DATA 	Keypress: left
88.6637 	DATA 	Keypress: left
88.9745 	DATA 	Keypress: space
89.1139 	DATA 	Keypress: space
89.2475 	DATA 	Keypress: space
89.3808 	DATA 	Keypress: space
89.4833 	DATA 	Keypress: space
89.6065 	DATA 	Keypress: space
89.7396 	DATA 	Keypress: space
89.8574 	DATA 	Keypress: space
89.9767 	DATA 	Keypress: space
90.1064 	DATA 	Keypress: space
90.2335 	DATA 	Keypress: space
90.3431 	DATA 	Keypress: space
90.4506 	DATA 	Keypress: space
90.5740 	DATA 	Keypress: space
90.7074 	DATA 	Keypress: space
90.8065 	DATA 	Keypress: space
90.9240 	DATA 	Keypress: space
91.0490 	DATA 	Keypress: space
91.1727 	DATA 	Keypress: space
91.2974 	DATA 	Keypress: space
91.4163 	DATA 	Keypress: space
91.5308 	DATA 	Keypress: space
91.6495 	DATA 	Keypress: space
91.7811 	DATA 	Keypress: space
91.9140 	DATA 	Keypress: space
92.0333 	DATA 	Keypress: space
92.1662 	DATA 	Keypress: space
92.3075 	DATA 	Keypress: space
92.4325 	DATA 	Keypress: space
92.5599 	DATA 	Keypress: space
109.9550 	DATA 	Keypress: space
111.5151 	DATA 	Keypress: space
